<?xml version="1.0" encoding="UTF-8"?>
<testsuite name="com.example.inventory.TestTask2_1" tests="1" skipped="0" failures="1" errors="0" timestamp="2026-07-10T23:10:28.847Z" hostname="swell-guppy-ruea" time="0.053">
  <properties/>
  <testcase name="testItemIsDataClass()" classname="com.example.inventory.TestTask2_1" time="0.036">
    <failure message="org.opentest4j.AssertionFailedError: Item.kt should declare a data class with a primary constructor ==&gt; expected: &lt;true&gt; but was: &lt;false&gt;" type="org.opentest4j.AssertionFailedError">org.opentest4j.AssertionFailedError: Item.kt should declare a data class with a primary constructor ==&gt; expected: &lt;true&gt; but was: &lt;false&gt;
	at org.junit.jupiter.api.AssertionFailureBuilder.build(AssertionFailureBuilder.java:151)
	at org.junit.jupiter.api.AssertionFailureBuilder.buildAndThrow(AssertionFailureBuilder.java:132)
	at org.junit.jupiter.api.AssertTrue.failNotTrue(AssertTrue.java:63)
	at org.junit.jupiter.api.AssertTrue.assertTrue(AssertTrue.java:36)
	at org.junit.jupiter.api.Assertions.assertTrue(Assertions.java:214)
	at com.example.inventory.TestTask2_1.testItemIsDataClass(TestTask2_1.kt:12)
	at java.base/java.lang.reflect.Method.invoke(Method.java:565)
	at java.base/java.util.ArrayList.forEach(ArrayList.java:1604)
	at java.base/java.util.ArrayList.forEach(ArrayList.java:1604)
</failure>
  </testcase>
  <system-out><![CDATA[]]></system-out>
  <system-err><![CDATA[]]></system-err>
</testsuite>
